<?xml version="1.0" encoding="UTF-8"?>
<!-- Generated by org.testng.reporters.JUnitXMLReporter -->
<testsuite ignored="0" hostname="msingh-Vostro-3559" failures="2" tests="5" name="Shopqapom Test" time="83.024" errors="0" timestamp="2020-04-22T13:36:47 IST">
  <testcase classname="com.msc.shopqapom.testcases.TC001_Login" name="login" time="8.259"/>
  <testcase classname="com.msc.shopqapom.testcases.TC001_Login" name="login" time="3.801">
    <failure type="java.lang.AssertionError" message="expected [true] but found [false]">
      <![CDATA[java.lang.AssertionError: expected [true] but found [false]
at com.msc.shopqapom.testcases.TC001_Login.login(TC001_Login.java:38)
at java.base/java.util.ArrayList.forEach(ArrayList.java:1540)
... Removed 31 stack frames]]>
    </failure>
  </testcase> <!-- login -->
  <testcase classname="com.msc.shopqapom.testcases.TC001_Login" name="login" time="3.575">
    <failure type="java.lang.AssertionError" message="expected [true] but found [false]">
      <![CDATA[java.lang.AssertionError: expected [true] but found [false]
at com.msc.shopqapom.testcases.TC001_Login.login(TC001_Login.java:38)
at java.base/java.util.ArrayList.forEach(ArrayList.java:1540)
... Removed 31 stack frames]]>
    </failure>
  </testcase> <!-- login -->
  <testcase classname="com.msc.shopqapom.testcases.TC001_Login" name="login" time="7.379"/>
  <testcase classname="com.msc.shopqapom.testcases.TC003_AddBillingAddress" name="addBillingAddress" time="16.973"/>
</testsuite> <!-- Shopqapom Test -->
