<?xml version="1.0" encoding="UTF-8"?>
<!-- Generated by org.testng.reporters.JUnitXMLReporter -->
<testsuite ignored="2" hostname="msingh-Vostro-3559" failures="1" tests="3" name="Test" time="10.97" errors="0" timestamp="2020-04-14T12:13:22 IST">
  <testcase classname="com.msc.shopqapom.testcases.Login" name="invalidLogin" time="6.048"/>
  <testcase classname="com.msc.shopqapom.testcases.Login" name="validLogin" time="4.869"/>
  <testcase classname="com.msc.shopqapom.testcases.WishList" name="addItemsToWishlist" time="0.001">
    <failure type="java.lang.NullPointerException">
      <![CDATA[java.lang.NullPointerException
at org.openqa.selenium.support.pagefactory.DefaultElementLocator.findElement(DefaultElementLocator.java:69)
at org.openqa.selenium.support.pagefactory.internal.LocatingElementHandler.invoke(LocatingElementHandler.java:38)
at com.sun.proxy.$Proxy12.click(Unknown Source)
at com.msc.shopqapom.pages.MainMenu.clickLogo(MainMenu.java:60)
at com.msc.shopqapom.testcases.WishList.addItemsToWishlist(WishList.java:16)
at java.base/java.util.ArrayList.forEach(ArrayList.java:1540)
... Removed 27 stack frames]]>
    </failure>
  </testcase> <!-- addItemsToWishlist -->
  <testcase classname="com.msc.shopqapom.base.BaseTest" name="@AfterSuite tearDown" time="0.0">
    <ignored/>
  </testcase> <!-- @AfterSuite tearDown -->
  <testcase classname="com.msc.shopqapom.base.BaseTest" name="@BeforeSuite setUp" time="0.0">
    <ignored/>
  </testcase> <!-- @BeforeSuite setUp -->
</testsuite> <!-- Test -->
